<?xml version="1.0" encoding="UTF-8" ?>
<testsuite failures="0" time="6.967" errors="0" skipped="0" tests="3" name="com.nathenblog.nsimplej.SimpleHttp.NHttpTest">
  <properties>
[...]
</properties>
  <testcase time="3.598" classname="com.nathenblog.nsimplej.SimpleHttp.NHttpTest" name="testGetBase"/>
  <testcase time="0" classname="com.nathenblog.nsimplej.SimpleHttp.NHttpTest" name="testPostBase"/>
  <testcase time="3.369" classname="com.nathenblog.nsimplej.SimpleHttp.NHttpTest" name="testGetDefault"/>
</testsuite>